
<<< setup


<<< generate

Version identifier: 22.1.1.0 | 2022-11-28 | 9160aff4d
Tried aggregator 1 time.
MIP Presolve eliminated 330 rows and 0 columns.
Reduced MIP has 2992 rows, 1232 columns, and 12957 nonzeros.
Reduced MIP has 1232 binaries, 0 generals, 0 SOSs, and 0 indicators.
Presolve time = 0,01 sec. (7,20 ticks)
Found incumbent of value 981,000000 after 0,01 sec. (9,12 ticks)
Probing time = 0,02 sec. (3,88 ticks)
Tried aggregator 1 time.
Detecting symmetries...
Reduced MIP has 2992 rows, 1232 columns, and 12957 nonzeros.
Reduced MIP has 1232 binaries, 0 generals, 0 SOSs, and 0 indicators.
Presolve time = 0,01 sec. (9,18 ticks)
Probing time = 0,02 sec. (3,65 ticks)
Clique table members: 7695.
MIP emphasis: balance optimality and feasibility.
MIP search method: dynamic search.
Parallel mode: deterministic, using up to 4 threads.
Root relaxation solution time = 0,01 sec. (7,33 ticks)

        Nodes                                         Cuts/
   Node  Left     Objective  IInf  Best Integer    Best Bound    ItCnt     Gap

*     0+    0                          981,0000        0,0000           100,00%
*     0+    0                          707,0000        0,0000           100,00%
*     0+    0                          558,0000        0,0000           100,00%
      0     0      120,0000    56      558,0000      120,0000      250   78,49%
*     0+    0                          228,0000      120,0000            47,37%
      0     0      122,5000    47      228,0000      Cuts: 12      307   46,27%
*     0+    0                          196,0000      122,5000            37,50%
      0     0      125,8889    47      196,0000       Cuts: 9      442   35,77%
*     0+    0                          168,0000      125,8889            25,07%
      0     0      129,3333    65      168,0000   Impl Bds: 2      505   23,02%

Repeating presolve.
Tried aggregator 3 times.
MIP Presolve eliminated 1655 rows and 718 columns.
MIP Presolve modified 6 coefficients.
Aggregator did 4 substitutions.
Reduced MIP has 1333 rows, 510 columns, and 5614 nonzeros.
Reduced MIP has 510 binaries, 0 generals, 0 SOSs, and 0 indicators.
Presolve time = 0,01 sec. (6,28 ticks)
Probing time = 0,00 sec. (2,50 ticks)
Tried aggregator 1 time.
Detecting symmetries...
Reduced MIP has 1333 rows, 510 columns, and 5614 nonzeros.
Reduced MIP has 510 binaries, 0 generals, 0 SOSs, and 0 indicators.
Presolve time = 0,00 sec. (3,24 ticks)
Represolve time = 0,02 sec. (14,80 ticks)
Probing time = 0,00 sec. (2,47 ticks)
Clique table members: 3347.
MIP emphasis: balance optimality and feasibility.
MIP search method: dynamic search.
Parallel mode: deterministic, using up to 4 threads.
Root relaxation solution time = 0,01 sec. (7,87 ticks)

        Nodes                                         Cuts/
   Node  Left     Objective  IInf  Best Integer    Best Bound    ItCnt     Gap

*     0+    0                          168,0000      129,3333            23,02%
      0     0      129,3333    72      168,0000      129,3333      807   23,02%
      0     0      133,5292    76      168,0000      Cuts: 12      914   20,52%
      0     0      134,8333    67      168,0000      Cuts: 14      989   19,74%
      0     0      135,2471    85      168,0000   ZeroHalf: 4     1031   19,50%
      0     0      135,3972    92      168,0000   ZeroHalf: 5     1097   19,41%
      0     0      135,6690    88      168,0000       Cuts: 7     1149   19,24%
Detecting symmetries...
      0     0      136,4480   115      168,0000   ZeroHalf: 5     1211   18,78%
      0     0      136,4480   114      168,0000   ZeroHalf: 1     1233   18,78%
      0     0      136,6054    79      168,0000   ZeroHalf: 1     1271   18,69%
      0     0      136,6054    94      168,0000   ZeroHalf: 3     1283   18,69%
*     0+    0                          159,0000      136,6054            14,08%
      0     0        cutoff            159,0000      159,0000     1283    0,00%
Elapsed time = 1,43 sec. (626,87 ticks, tree = 0,01 MB, solutions = 7)

Implied bound cuts applied:  7
Zero-half cuts applied:  14
Gomory fractional cuts applied:  1

Root node processing (before b&c):
  Real time             =    1,43 sec. (626,95 ticks)
Parallel b&c, 4 threads:
  Real time             =    0,00 sec. (0,00 ticks)
  Sync time (average)   =    0,00 sec.
  Wait time (average)   =    0,00 sec.
                          ------------
Total (root+branch&cut) =    1,43 sec. (626,95 ticks)

<<< solve


OBJECTIVE: 159

<<< post process


<<< done

