
<<< setup


<<< generate

Version identifier: 22.1.1.0 | 2022-11-28 | 9160aff4d
Tried aggregator 1 time.
MIP Presolve eliminated 7 rows and 0 columns.
Reduced MIP has 913 rows, 320 columns, and 3421 nonzeros.
Reduced MIP has 320 binaries, 0 generals, 0 SOSs, and 0 indicators.
Presolve time = 0,00 sec. (2,16 ticks)
Found incumbent of value 1480,000000 after 0,01 sec. (4,98 ticks)
Probing time = 0,00 sec. (2,24 ticks)
Tried aggregator 1 time.
Detecting symmetries...
Reduced MIP has 913 rows, 320 columns, and 3421 nonzeros.
Reduced MIP has 320 binaries, 0 generals, 0 SOSs, and 0 indicators.
Presolve time = 0,00 sec. (2,60 ticks)
Probing time = 0,01 sec. (2,20 ticks)
Clique table members: 2075.
MIP emphasis: balance optimality and feasibility.
MIP search method: dynamic search.
Parallel mode: deterministic, using up to 4 threads.
Root relaxation solution time = 0,01 sec. (5,09 ticks)

        Nodes                                         Cuts/
   Node  Left     Objective  IInf  Best Integer    Best Bound    ItCnt     Gap

*     0+    0                         1480,0000        0,0000           100,00%
*     0+    0                          762,0000        0,0000           100,00%
*     0+    0                          699,0000        0,0000           100,00%
      0     0      266,0000    48      699,0000      266,0000      209   61,95%
*     0+    0                          598,0000      266,0000            55,52%
      0     0      302,7941    83      598,0000      Cuts: 66      367   49,37%
*     0+    0                          549,0000      302,7941            44,85%
      0     0      316,6875    56      549,0000      Cuts: 58      485   42,32%
*     0+    0                          527,0000      316,6875            39,91%
      0     0      320,7639    62      527,0000      Cuts: 54      541   39,13%
*     0+    0                          466,0000      320,7639            31,17%
      0     0      327,8694    95      466,0000      Cuts: 43      673   29,64%
      0     0      330,3652   111      466,0000      Cuts: 35      775   29,11%
      0     0      334,3255   109      466,0000      Cuts: 10      858   28,26%
      0     0      335,0452   110      466,0000   ZeroHalf: 6      916   28,10%
      0     0      335,6368   132      466,0000       Cuts: 7      967   27,97%
      0     0      336,1359   136      466,0000       Cuts: 5     1013   27,87%
      0     0      337,0217   120      466,0000       Cuts: 3     1047   27,68%
      0     0      337,8751   123      466,0000   ZeroHalf: 3     1089   27,49%
      0     0      338,2751   121      466,0000       Cuts: 4     1120   27,41%
      0     0      338,8156   116      466,0000       Cuts: 4     1149   27,29%
      0     0      339,0129   135      466,0000   ZeroHalf: 1     1168   27,25%
      0     0      339,2550   130      466,0000      Cuts: 10     1193   27,20%
      0     0      339,6629   128      466,0000   ZeroHalf: 3     1247   27,11%
      0     0      339,6912   126      466,0000   Impl Bds: 1     1255   27,10%
      0     2      339,6912   126      466,0000      339,6912     1255   27,10%
Elapsed time = 0,52 sec. (256,51 ticks, tree = 0,02 MB, solutions = 7)
*   180+  109                          463,0000      368,4183            20,43%
    313   175      443,2941    46      463,0000      380,0887    21255   17,91%
*   341+  174                          452,0000      382,2984            15,42%
    806   326        cutoff            452,0000      400,8652    42494   11,31%
   1465   353        cutoff            452,0000      421,9375    63674    6,65%

Implied bound cuts applied:  94
Zero-half cuts applied:  28

Root node processing (before b&c):
  Real time             =    0,52 sec. (255,97 ticks)
Parallel b&c, 4 threads:
  Real time             =    1,67 sec. (905,39 ticks)
  Sync time (average)   =    0,21 sec.
  Wait time (average)   =    0,00 sec.
                          ------------
Total (root+branch&cut) =    2,19 sec. (1161,37 ticks)

<<< solve


OBJECTIVE: 452

<<< post process


<<< done

