
<<< setup


<<< generate

Version identifier: 22.1.1.0 | 2022-11-28 | 9160aff4d
Tried aggregator 1 time.
MIP Presolve eliminated 510 rows and 0 columns.
Reduced MIP has 4624 rows, 1904 columns, and 22743 nonzeros.
Reduced MIP has 1904 binaries, 0 generals, 0 SOSs, and 0 indicators.
Presolve time = 0,01 sec. (11,77 ticks)
Found incumbent of value 1435,000000 after 0,03 sec. (28,11 ticks)
Probing time = 0,03 sec. (4,20 ticks)
Tried aggregator 1 time.
Detecting symmetries...
Reduced MIP has 4624 rows, 1904 columns, and 22743 nonzeros.
Reduced MIP has 1904 binaries, 0 generals, 0 SOSs, and 0 indicators.
Presolve time = 0,02 sec. (15,27 ticks)
Probing time = 0,01 sec. (3,88 ticks)
Clique table members: 13224.
MIP emphasis: balance optimality and feasibility.
MIP search method: dynamic search.
Parallel mode: deterministic, using up to 4 threads.
Root relaxation solution time = 0,04 sec. (24,16 ticks)

        Nodes                                         Cuts/
   Node  Left     Objective  IInf  Best Integer    Best Bound    ItCnt     Gap

*     0+    0                         1435,0000        0,0000           100,00%
*     0+    0                          674,0000        0,0000           100,00%
*     0+    0                          510,0000        0,0000           100,00%
      0     0      128,0000    32      510,0000      128,0000      574   74,90%
*     0+    0                          348,0000      128,0000            63,22%
*     0+    0                          334,0000      128,0000            61,68%
      0     0      130,3167    88      334,0000      Cuts: 23      788   60,98%
      0     0      139,4500    79      334,0000      Cuts: 16      859   58,25%
*     0+    0                          315,0000      139,4500            55,73%
*     0+    0                          236,0000      139,4500            40,91%
*     0+    0                          225,0000      139,4500            38,02%
*     0+    0                          201,0000      139,4500            30,62%
*     0+    0                          200,0000      139,4500            30,27%
      0     0  -1,00000e+75     0      200,0000      139,4500      859   30,27%
      0     2      139,4500    79      200,0000      139,4500      859   30,27%
Elapsed time = 1,20 sec. (619,65 ticks, tree = 0,02 MB, solutions = 10)
      5     4      175,4000    95      200,0000      139,4500     3501   30,27%
     67    32      198,8889    65      200,0000      140,5000    11477   29,75%
    150    51      174,5093    87      200,0000      146,4195    18753   26,79%
    206    92      172,6333    83      200,0000      148,1677    25502   25,92%
    248    96      181,9896    64      200,0000      154,3954    31704   22,80%
    330   119      183,4263    98      200,0000      159,9769    41083   20,01%
    443   157        cutoff            200,0000      167,2718    50242   16,36%
    530   175        cutoff            200,0000      167,3413    57952   16,33%
    638   179        cutoff            200,0000      172,9167    62774   13,54%

Implied bound cuts applied:  45
Lift and project cuts applied:  1
Gomory fractional cuts applied:  1

Root node processing (before b&c):
  Real time             =    1,19 sec. (617,81 ticks)
Parallel b&c, 4 threads:
  Real time             =    5,10 sec. (2928,65 ticks)
  Sync time (average)   =    0,67 sec.
  Wait time (average)   =    0,00 sec.
                          ------------
Total (root+branch&cut) =    6,29 sec. (3546,45 ticks)

<<< solve


OBJECTIVE: 200

<<< post process


<<< done

