
<<< setup


<<< generate

Version identifier: 22.1.1.0 | 2022-11-28 | 9160aff4d
Tried aggregator 1 time.
MIP Presolve eliminated 14 rows and 0 columns.
Reduced MIP has 186 rows, 64 columns, and 603 nonzeros.
Reduced MIP has 64 binaries, 0 generals, 0 SOSs, and 0 indicators.
Presolve time = 0,00 sec. (0,39 ticks)
Found incumbent of value 110,000000 after 0,00 sec. (1,09 ticks)
Probing time = 0,00 sec. (0,26 ticks)
Tried aggregator 1 time.
Detecting symmetries...
Reduced MIP has 186 rows, 64 columns, and 603 nonzeros.
Reduced MIP has 64 binaries, 0 generals, 0 SOSs, and 0 indicators.
Presolve time = 0,00 sec. (0,52 ticks)
Probing time = 0,00 sec. (0,26 ticks)
Clique table members: 312.
MIP emphasis: balance optimality and feasibility.
MIP search method: dynamic search.
Parallel mode: deterministic, using up to 4 threads.
Root relaxation solution time = 0,00 sec. (0,30 ticks)

        Nodes                                         Cuts/
   Node  Left     Objective  IInf  Best Integer    Best Bound    ItCnt     Gap

*     0+    0                          110,0000        0,0000           100,00%
*     0+    0                           80,0000        0,0000           100,00%
*     0+    0                           75,0000        0,0000           100,00%
      0     0       45,0000    16       75,0000       45,0000       46   40,00%
*     0+    0                           65,0000       45,0000            30,77%
      0     0       50,0000    18       65,0000      Cuts: 25       69   23,08%
      0     0       53,6364    32       65,0000      Cuts: 19       92   17,48%
      0     0       54,0625    25       65,0000      Cuts: 19      103   16,83%
      0     0       54,1667    29       65,0000      Cuts: 23      106   16,67%
      0     0       54,7727    45       65,0000      Cuts: 17      118   15,73%
      0     0       55,0000    16       65,0000      Cuts: 15      125   15,38%
      0     0       55,0156    45       65,0000      Cuts: 14      140   15,36%
      0     0       55,0781    41       65,0000      Cuts: 19      166   15,26%
      0     0       55,2273    30       65,0000      Cuts: 20      183   15,03%
      0     0       56,0714    26       65,0000  ZeroHalf: 14      206   13,74%
      0     0       56,1667    43       65,0000      Cuts: 22      234   13,59%
      0     0       56,2500    41       65,0000      Cuts: 18      248   13,46%
      0     0       56,5000    39       65,0000      Cuts: 10      259   13,08%
      0     0       56,5385    31       65,0000  ZeroHalf: 12      272   13,02%
      0     0       56,6667    39       65,0000      Cuts: 11      284   12,82%
      0     0       56,6667    32       65,0000      Cuts: 14      297   12,82%
      0     0       56,6667    20       65,0000   Impl Bds: 2      306   12,82%
      0     0        cutoff             65,0000       65,0000      306    0,00%
Elapsed time = 0,05 sec. (20,80 ticks, tree = 0,01 MB, solutions = 4)

Implied bound cuts applied:  16
Zero-half cuts applied:  6
Gomory fractional cuts applied:  1

Root node processing (before b&c):
  Real time             =    0,05 sec. (20,81 ticks)
Parallel b&c, 4 threads:
  Real time             =    0,00 sec. (0,00 ticks)
  Sync time (average)   =    0,00 sec.
  Wait time (average)   =    0,00 sec.
                          ------------
Total (root+branch&cut) =    0,05 sec. (20,81 ticks)

<<< solve


OBJECTIVE: 65

<<< post process


<<< done

