
<<< setup


<<< generate

Version identifier: 22.1.1.0 | 2022-11-28 | 9160aff4d
Tried aggregator 1 time.
MIP Presolve eliminated 276 rows and 0 columns.
Reduced MIP has 3289 rows, 1288 columns, and 18116 nonzeros.
Reduced MIP has 1288 binaries, 0 generals, 0 SOSs, and 0 indicators.
Presolve time = 0,01 sec. (9,05 ticks)
Found incumbent of value 2356,000000 after 0,02 sec. (21,46 ticks)
Probing time = 0,03 sec. (3,37 ticks)
Tried aggregator 1 time.
Detecting symmetries...
Reduced MIP has 3289 rows, 1288 columns, and 18116 nonzeros.
Reduced MIP has 1288 binaries, 0 generals, 0 SOSs, and 0 indicators.
Presolve time = 0,01 sec. (11,74 ticks)
Probing time = 0,01 sec. (3,11 ticks)
Clique table members: 10339.
MIP emphasis: balance optimality and feasibility.
MIP search method: dynamic search.
Parallel mode: deterministic, using up to 4 threads.
Root relaxation solution time = 0,04 sec. (28,84 ticks)

        Nodes                                         Cuts/
   Node  Left     Objective  IInf  Best Integer    Best Bound    ItCnt     Gap

*     0+    0                         2356,0000        0,0000           100,00%
*     0+    0                          823,0000        0,0000           100,00%
*     0+    0                          544,0000        0,0000           100,00%
      0     0      146,6667    64      544,0000      146,6667      528   73,04%
      0     0      156,2101   102      544,0000      Cuts: 44      889   71,28%
*     0+    0                          342,0000      156,2101            54,32%
      0     0      161,1037   113      342,0000       Cuts: 6     1105   52,89%
      0     0      161,9853   115      342,0000   ZeroHalf: 1     1212   52,64%
*     0+    0                          208,0000      161,9853            22,12%
      0     0      162,4886   101      208,0000   ZeroHalf: 1     1305   21,88%
*     0+    0                          196,0000      162,4886            17,10%

Repeating presolve.
Tried aggregator 2 times.
MIP Presolve eliminated 2069 rows and 821 columns.
MIP Presolve modified 14 coefficients.
Aggregator did 1 substitutions.
Reduced MIP has 1219 rows, 466 columns, and 6147 nonzeros.
Reduced MIP has 466 binaries, 0 generals, 0 SOSs, and 0 indicators.
Presolve time = 0,01 sec. (5,51 ticks)
Probing time = 0,00 sec. (1,99 ticks)
Tried aggregator 1 time.
Detecting symmetries...
Reduced MIP has 1219 rows, 466 columns, and 6147 nonzeros.
Reduced MIP has 466 binaries, 0 generals, 0 SOSs, and 0 indicators.
Presolve time = 0,00 sec. (3,32 ticks)
Represolve time = 0,02 sec. (14,62 ticks)
Probing time = 0,00 sec. (1,95 ticks)
Clique table members: 3440.
MIP emphasis: balance optimality and feasibility.
MIP search method: dynamic search.
Parallel mode: deterministic, using up to 4 threads.
Root relaxation solution time = 0,06 sec. (38,25 ticks)

        Nodes                                         Cuts/
   Node  Left     Objective  IInf  Best Integer    Best Bound    ItCnt     Gap

*     0+    0                          196,0000      163,2787            16,69%
      0     0      162,4886   101      196,0000      163,2787     2416   16,69%
      0     0      164,7469   117      196,0000      Cuts: 21     2561   15,95%
      0     0      165,9751   107      196,0000      Cuts: 11     2668   15,32%
      0     0      167,0671   117      196,0000      Cuts: 14     2809   14,76%
      0     0      167,8925   129      196,0000   ZeroHalf: 6     2909   14,34%
*     0+    0                          192,0000      167,8925            12,56%
Detecting symmetries...
      0     2      167,8925   129      192,0000      167,8925     2909   12,56%
Elapsed time = 2,66 sec. (1363,64 ticks, tree = 0,02 MB, solutions = 7)
    108    49      178,4310    75      192,0000      168,5309    14121   12,22%
    220    99      179,1707    81      192,0000      173,1507    26688    9,82%
    409   195      181,5957    76      192,0000      177,4921    42743    7,56%
    620   266        cutoff            192,0000      180,3310    58102    6,08%
    851   305        cutoff            192,0000      181,9083    72616    5,26%
   1098   323      189,3333     9      192,0000      183,8991    87841    4,22%
   1392   246        cutoff            192,0000      186,7907   107125    2,71%

Implied bound cuts applied:  16
Zero-half cuts applied:  21
Lift and project cuts applied:  7
Gomory fractional cuts applied:  3

Root node processing (before b&c):
  Real time             =    2,65 sec. (1362,94 ticks)
Parallel b&c, 4 threads:
  Real time             =    3,16 sec. (1862,27 ticks)
  Sync time (average)   =    0,26 sec.
  Wait time (average)   =    0,00 sec.
                          ------------
Total (root+branch&cut) =    5,81 sec. (3225,21 ticks)

<<< solve


OBJECTIVE: 192

<<< post process


<<< done

