
<<< setup


<<< generate

Version identifier: 22.1.1.0 | 2022-11-28 | 9160aff4d
Tried aggregator 1 time.
Reduced MIP has 4160 rows, 1536 columns, and 20156 nonzeros.
Reduced MIP has 1536 binaries, 0 generals, 0 SOSs, and 0 indicators.
Presolve time = 0,01 sec. (8,41 ticks)
Found incumbent of value 1877,000000 after 0,03 sec. (22,85 ticks)
Probing time = 0,02 sec. (4,14 ticks)
Tried aggregator 1 time.
Detecting symmetries...
Reduced MIP has 4160 rows, 1536 columns, and 20156 nonzeros.
Reduced MIP has 1536 binaries, 0 generals, 0 SOSs, and 0 indicators.
Presolve time = 0,02 sec. (13,44 ticks)
Probing time = 0,02 sec. (3,82 ticks)
Clique table members: 11584.
MIP emphasis: balance optimality and feasibility.
MIP search method: dynamic search.
Parallel mode: deterministic, using up to 4 threads.
Root relaxation solution time = 0,04 sec. (26,10 ticks)

        Nodes                                         Cuts/
   Node  Left     Objective  IInf  Best Integer    Best Bound    ItCnt     Gap

*     0+    0                         1877,0000        0,0000           100,00%
*     0+    0                          895,0000        0,0000           100,00%
*     0+    0                          535,0000        0,0000           100,00%
      0     0      115,0000    64      535,0000      115,0000      547   78,50%
*     0+    0                          503,0000      115,0000            77,14%
      0     0      123,7619    96      503,0000      Cuts: 20      767   75,40%
*     0+    0                          270,0000      123,7619            54,16%
      0     0      123,7619   104      270,0000      Cuts: 10      770   54,16%
      0     0      124,6333    80      270,0000      Cuts: 19      845   53,84%
      0     0      127,4848    88      270,0000      Cuts: 15      979   52,78%
      0     0      127,7083    72      270,0000   Impl Bds: 7     1004   52,70%
      0     0      127,7143    88      270,0000   ZeroHalf: 6     1005   52,70%
*     0+    0                          218,0000      127,7143            41,42%
*     0+    0                          215,0000      131,3333            38,91%
*     0+    0                          210,0000      131,3333            37,46%
      0     0  -1,00000e+75     0      210,0000      131,3333     1005   37,46%
      0     2      127,7143    88      210,0000      136,9331     1005   34,79%
Elapsed time = 2,68 sec. (1413,27 ticks, tree = 0,02 MB, solutions = 8)
     78    38        cutoff            210,0000      137,8829     9891   34,34%
    146    77      167,1481    84      210,0000      140,6130    18770   33,04%
    184    97      156,3431    90      210,0000      143,0333    26011   31,89%
    246   124      172,8911   105      210,0000      143,0333    33038   31,89%
    317   187      177,0757   100      210,0000      151,6296    47567   27,80%
    382   217      195,2917    53      210,0000      156,7321    54979   25,37%
    471   269      190,1166   108      210,0000      158,9731    65782   24,30%
    550   313      176,9444    84      210,0000      159,3802    76702   24,10%
    626   371      204,9657    84      210,0000      162,4363    90723   22,65%
   1008   574      189,3333    41      210,0000      170,0106   131613   19,04%
Elapsed time = 7,79 sec. (4544,33 ticks, tree = 5,07 MB, solutions = 8)
   1430   781      203,4254    86      210,0000      175,3333   167709   16,51%
   1875   959      197,5833    87      210,0000      178,3333   202525   15,08%
*  2102  1024      integral     0      208,0000      179,4326   216233   13,73%
   2348  1071      203,7917    48      208,0000      181,0515   240261   12,96%
*  2416  1069      integral     0      207,0000      181,1250   241765   12,50%
*  2783  1120      integral     0      206,0000      183,8333   270732   10,76%
   2871  1088      199,0000    26      206,0000      184,7519   279003   10,31%
   3406  1149        cutoff            206,0000      187,4428   311848    9,01%
   3997  1172      201,4667    75      206,0000      190,1667   353739    7,69%
   4606  1159      201,7549    87      206,0000      193,0486   389363    6,29%

Performing restart 1

Repeating presolve.
Tried aggregator 1 time.
Reduced MIP has 4160 rows, 1536 columns, and 20156 nonzeros.
Reduced MIP has 1536 binaries, 0 generals, 0 SOSs, and 0 indicators.
Presolve time = 0,01 sec. (8,69 ticks)
Tried aggregator 1 time.
Reduced MIP has 4160 rows, 1536 columns, and 20156 nonzeros.
Reduced MIP has 1536 binaries, 0 generals, 0 SOSs, and 0 indicators.
Presolve time = 0,01 sec. (13,76 ticks)
Represolve time = 0,07 sec. (45,17 ticks)
   4832     0      138,5065   133      206,0000   ZeroHalf: 1   407183    5,59%
   4832     0      138,9080   142      206,0000   ZeroHalf: 1   407275    5,59%
   4832     0      139,3915   156      206,0000   ZeroHalf: 1   407404    5,59%
   4832     0      139,9431   149      206,0000   ZeroHalf: 2   407522    5,59%
   4832     2      139,9431   149      206,0000      194,4815   407522    5,59%
   4841     7      143,5763   111      206,0000      194,4815   408843    5,59%
   4863    16      175,9678   111      206,0000      194,4815   412848    5,59%
Elapsed time = 27,16 sec. (17239,88 ticks, tree = 0,09 MB, solutions = 11)
   4931    58      192,5556    53      206,0000      194,4815   425325    5,59%
   5064   105      179,1667    48      206,0000      194,4815   443233    5,59%
   5292   242      179,5556    96      206,0000      194,4815   480854    5,59%
   5527   326      183,2497   110      206,0000      194,4815   508598    5,59%
   5785   512      193,1384   115      206,0000      194,4815   550663    5,59%
   6051   635      196,9142    95      206,0000      194,4815   594480    5,59%
   6368   743        cutoff            206,0000      194,4815   631225    5,59%
   6693   875        cutoff            206,0000      194,4815   686887    5,59%
   7045   990        cutoff            206,0000      194,4815   735969    5,59%
   7436  1100      202,8788   112      206,0000      194,4815   783684    5,59%
Elapsed time = 44,70 sec. (26794,78 ticks, tree = 1,67 MB, solutions = 11)
   7804  1206      192,2960    88      206,0000      194,4815   842655    5,59%
   8224  1250      202,8995    95      206,0000      194,4815   896174    5,59%
   8665  1276      193,0863    84      206,0000      194,4815   942296    5,59%
   9029  1314        cutoff            206,0000      194,4815   983982    5,59%
   9551  1242      197,9640   109      206,0000      194,4815  1042026    5,59%
  10114  1109        cutoff            206,0000      194,9806  1092718    5,35%
  10787   821      203,1282    73      206,0000      198,2143  1152892    3,78%

Implied bound cuts applied:  29
Zero-half cuts applied:  15

Root node processing (before b&c):
  Real time             =    2,68 sec. (1411,63 ticks)
Parallel b&c, 4 threads:
  Real time             =   56,35 sec. (32957,35 ticks)
  Sync time (average)   =    2,87 sec.
  Wait time (average)   =    0,00 sec.
                          ------------
Total (root+branch&cut) =   59,03 sec. (34368,98 ticks)

<<< solve


OBJECTIVE: 206

<<< post process


<<< done

