
<<< setup


<<< generate

Version identifier: 22.1.1.0 | 2022-11-28 | 9160aff4d
Tried aggregator 1 time.
Reduced MIP has 400 rows, 128 columns, and 1486 nonzeros.
Reduced MIP has 128 binaries, 0 generals, 0 SOSs, and 0 indicators.
Presolve time = 0,00 sec. (0,74 ticks)
Found incumbent of value 781,000000 after 0,00 sec. (2,40 ticks)
Probing time = 0,00 sec. (0,63 ticks)
Tried aggregator 1 time.
Detecting symmetries...
Reduced MIP has 400 rows, 128 columns, and 1486 nonzeros.
Reduced MIP has 128 binaries, 0 generals, 0 SOSs, and 0 indicators.
Presolve time = 0,00 sec. (1,14 ticks)
Probing time = 0,00 sec. (0,63 ticks)
Clique table members: 624.
MIP emphasis: balance optimality and feasibility.
MIP search method: dynamic search.
Parallel mode: deterministic, using up to 4 threads.
Root relaxation solution time = 0,00 sec. (1,21 ticks)

        Nodes                                         Cuts/
   Node  Left     Objective  IInf  Best Integer    Best Bound    ItCnt     Gap

*     0+    0                          781,0000        0,0000           100,00%
*     0+    0                          708,0000        0,0000           100,00%
*     0+    0                          200,0000        0,0000           100,00%
      0     0       94,6000    40      200,0000       94,6000       94   52,70%
      0     0      124,1200    48      200,0000      Cuts: 69      154   37,94%
*     0+    0                          197,0000      124,1200            36,99%
      0     0      132,6667    40      197,0000      Cuts: 45      207   32,66%

Repeating presolve.
Tried aggregator 1 time.
MIP Presolve eliminated 130 rows and 43 columns.
Reduced MIP has 270 rows, 85 columns, and 928 nonzeros.
Reduced MIP has 85 binaries, 0 generals, 0 SOSs, and 0 indicators.
Presolve time = 0,00 sec. (0,63 ticks)
Probing time = 0,00 sec. (0,23 ticks)
Tried aggregator 1 time.
Detecting symmetries...
Reduced MIP has 270 rows, 85 columns, and 928 nonzeros.
Reduced MIP has 85 binaries, 0 generals, 0 SOSs, and 0 indicators.
Presolve time = 0,00 sec. (0,64 ticks)
Represolve time = 0,01 sec. (1,96 ticks)
Probing time = 0,00 sec. (0,23 ticks)
Clique table members: 244.
MIP emphasis: balance optimality and feasibility.
MIP search method: dynamic search.
Parallel mode: deterministic, using up to 4 threads.
Root relaxation solution time = 0,00 sec. (2,75 ticks)

        Nodes                                         Cuts/
   Node  Left     Objective  IInf  Best Integer    Best Bound    ItCnt     Gap

*     0+    0                          197,0000      132,6667            32,66%
      0     0      132,6667    39      197,0000      132,6667      396   32,66%
      0     0      133,5196    50      197,0000      Cuts: 19      464   32,22%
      0     0      134,4118    52      197,0000      Cuts: 44      535   31,77%
      0     0      134,7509    54      197,0000      Cuts: 29      584   31,60%
      0     0      134,8789    60      197,0000      Cuts: 32      604   31,53%
      0     0      135,6048    62      197,0000      Cuts: 14      647   31,17%
      0     0      135,9587    62      197,0000      Cuts: 17      672   30,99%
      0     0      136,8332    62      197,0000      Cuts: 18      723   30,54%
      0     0      169,0000    44      197,0000      Cuts: 33      792   14,21%
      0     0      169,0000    48      197,0000      Cuts: 22      808   14,21%
      0     0      169,2500    44      197,0000      Cuts: 14      825   14,09%
      0     0      170,5385    47      197,0000      Cuts: 28      856   13,43%
      0     0      174,0000    53      197,0000  ZeroHalf: 23      882   11,68%
      0     0      195,4000    35      197,0000      Cuts: 33      923    0,81%
      0     0      196,0000    27      197,0000      Cuts: 48      936    0,51%
      0     0      196,0000    32      197,0000  ZeroHalf: 17      950    0,51%
      0     0        cutoff            197,0000      197,0000      950    0,00%
Elapsed time = 0,18 sec. (70,55 ticks, tree = 0,01 MB, solutions = 4)

Zero-half cuts applied:  9

Root node processing (before b&c):
  Real time             =    0,18 sec. (70,55 ticks)
Parallel b&c, 4 threads:
  Real time             =    0,00 sec. (0,00 ticks)
  Sync time (average)   =    0,00 sec.
  Wait time (average)   =    0,00 sec.
                          ------------
Total (root+branch&cut) =    0,18 sec. (70,55 ticks)

<<< solve


OBJECTIVE: 197

<<< post process


<<< done

