
<<< setup


<<< generate

Version identifier: 22.1.1.0 | 2022-11-28 | 9160aff4d
Tried aggregator 1 time.
MIP Presolve eliminated 228 rows and 0 columns.
Reduced MIP has 5909 rows, 2280 columns, and 28747 nonzeros.
Reduced MIP has 2280 binaries, 0 generals, 0 SOSs, and 0 indicators.
Presolve time = 0,02 sec. (14,14 ticks)
Found incumbent of value 2004,000000 after 0,04 sec. (34,77 ticks)
Probing time = 0,02 sec. (4,63 ticks)
Tried aggregator 1 time.
Detecting symmetries...
Reduced MIP has 5909 rows, 2280 columns, and 28747 nonzeros.
Reduced MIP has 2280 binaries, 0 generals, 0 SOSs, and 0 indicators.
Presolve time = 0,02 sec. (19,19 ticks)
Probing time = 0,02 sec. (4,22 ticks)
Clique table members: 16580.
MIP emphasis: balance optimality and feasibility.
MIP search method: dynamic search.
Parallel mode: deterministic, using up to 4 threads.
Root relaxation solution time = 0,08 sec. (56,86 ticks)

        Nodes                                         Cuts/
   Node  Left     Objective  IInf  Best Integer    Best Bound    ItCnt     Gap

*     0+    0                         2004,0000        0,0000           100,00%
*     0+    0                          704,0000        0,0000           100,00%
      0     0      172,2500    80      704,0000      172,2500      730   75,53%
*     0+    0                          582,0000      172,2500            70,40%
      0     0      177,9507    96      582,0000      Cuts: 29     1088   69,42%
      0     0      181,5443   104      582,0000  Impl Bds: 35     1410   68,81%
*     0+    0                          449,0000      181,5443            59,57%
      0     0      182,6930   115      449,0000  Impl Bds: 14     1682   59,31%
*     0+    0                          352,0000      182,6930            48,10%
*     0+    0                          322,0000      182,6930            43,26%
*     0+    0                          262,0000      182,6930            30,27%
      0     0  -1,00000e+75     0      262,0000      182,6930     1682   30,27%
      0     0      183,6979   116      262,0000       Cuts: 9     1921   29,89%
      0     2      183,6979   116      262,0000      183,6979     1921   29,89%
Elapsed time = 4,22 sec. (2198,13 ticks, tree = 0,02 MB, solutions = 7)
     10    10      226,4190    58      262,0000      183,7054     4838   29,88%
     49    33        cutoff            262,0000      184,0347    12298   29,76%
     84    52      221,8898    74      262,0000      184,0347    20905   29,76%
    122    65      255,5333    63      262,0000      184,0347    28082   29,76%
    150    83      241,8569    80      262,0000      195,3385    35170   25,44%
    185   111        cutoff            262,0000      197,5655    43902   24,59%
    217   132      252,3429   111      262,0000      197,5655    52597   24,59%
    241   145      227,3278    90      262,0000      200,0272    58869   23,65%
    281   175      249,5591    84      262,0000      200,0272    69085   23,65%
    421   264      233,5200   100      262,0000      209,7286    95943   19,95%
Elapsed time = 10,47 sec. (5413,11 ticks, tree = 2,04 MB, solutions = 7)
    599   424      253,4669   106      262,0000      213,9445   127138   18,34%
    760   521      228,3405   129      262,0000      215,5623   147780   17,72%
    971   615      229,0810    88      262,0000      219,1178   169225   16,37%
   1182   728      231,5944    81      262,0000      222,6223   194137   15,03%
   1378   853      229,7500    27      262,0000      225,6119   232768   13,89%
   1565   944      254,7917    67      262,0000      227,0230   262177   13,35%
   1774  1021      245,5592    86      262,0000      228,3604   290706   12,84%
   2002  1145      259,9928    69      262,0000      229,3951   316318   12,44%
   2205  1207      260,7556    95      262,0000      230,5097   344772   12,02%
   2427  1253        cutoff            262,0000      231,4041   367382   11,68%
Elapsed time = 28,60 sec. (15007,91 ticks, tree = 30,16 MB, solutions = 7)
   2625  1342      257,4548    80      262,0000      233,5200   409249   10,87%
   2853  1386      246,5724   120      262,0000      234,5407   434491   10,48%
   3082  1441      248,6367   100      262,0000      235,8938   458993    9,96%
   3327  1487        cutoff            262,0000      237,3181   491150    9,42%
   3618  1523      254,1348    51      262,0000      238,2377   523965    9,07%

Performing restart 1

Repeating presolve.
Tried aggregator 1 time.
Reduced MIP has 5909 rows, 2280 columns, and 28747 nonzeros.
Reduced MIP has 2280 binaries, 0 generals, 0 SOSs, and 0 indicators.
Presolve time = 0,01 sec. (12,33 ticks)
Tried aggregator 1 time.
Reduced MIP has 5909 rows, 2280 columns, and 28747 nonzeros.
Reduced MIP has 2280 binaries, 0 generals, 0 SOSs, and 0 indicators.
Presolve time = 0,02 sec. (19,65 ticks)
Represolve time = 0,12 sec. (69,07 ticks)
   3666     0      185,9210   117      262,0000   ZeroHalf: 5   545081    8,91%
   3666     0      189,7450   134      262,0000   ZeroHalf: 3   545308    8,91%
   3666     2      189,7450   134      262,0000      238,6667   545308    8,91%
   3672     8      226,5584    78      262,0000      238,6667   547925    8,91%
   3705    25      228,1644    97      262,0000      238,6667   558103    8,91%
   3778    54      255,5266    99      262,0000      238,6667   572442    8,91%
   3811    63      221,3744   104      262,0000      238,6667   579869    8,91%
Elapsed time = 51,81 sec. (28263,74 ticks, tree = 0,53 MB, solutions = 7)
   3868    97      240,5294    56      262,0000      238,6667   597080    8,91%
   3957   160      242,3562   125      262,0000      238,6667   619838    8,91%
   4037   169      249,2463   123      262,0000      238,6667   625100    8,91%
   4142   223      244,8863    91      262,0000      238,6667   651243    8,91%
   4247   293      254,6667    22      262,0000      238,6667   677468    8,91%
   4407   342      257,5898   105      262,0000      238,6667   706556    8,91%
   4582   430      251,4447   101      262,0000      238,6667   751478    8,91%
   4785   491      257,5000    54      262,0000      239,7191   784643    8,50%
   5028   537      260,5652    88      262,0000      242,3188   822664    7,51%
   5246   550        cutoff            262,0000      246,0391   871606    6,09%
Elapsed time = 70,70 sec. (37889,38 ticks, tree = 1,07 MB, solutions = 7)
   5517   487      258,5000    27      262,0000      249,3507   914450    4,83%
   5865   227        cutoff            262,0000      255,6944   960832    2,41%

Implied bound cuts applied:  27
Zero-half cuts applied:  11
Gomory fractional cuts applied:  1

Root node processing (before b&c):
  Real time             =    4,20 sec. (2184,18 ticks)
Parallel b&c, 4 threads:
  Real time             =   70,72 sec. (37854,35 ticks)
  Sync time (average)   =    4,36 sec.
  Wait time (average)   =    0,00 sec.
                          ------------
Total (root+branch&cut) =   74,93 sec. (40038,53 ticks)

<<< solve


OBJECTIVE: 262

<<< post process


<<< done

