
<<< setup


<<< generate

Version identifier: 22.1.1.0 | 2022-11-28 | 9160aff4d
Tried aggregator 1 time.
MIP Presolve eliminated 7 rows and 0 columns.
Reduced MIP has 916 rows, 312 columns, and 3287 nonzeros.
Reduced MIP has 312 binaries, 0 generals, 0 SOSs, and 0 indicators.
Presolve time = 0,00 sec. (1,98 ticks)
Found incumbent of value 975,000000 after 0,01 sec. (4,68 ticks)
Probing time = 0,00 sec. (2,10 ticks)
Tried aggregator 1 time.
Detecting symmetries...
Reduced MIP has 916 rows, 312 columns, and 3287 nonzeros.
Reduced MIP has 312 binaries, 0 generals, 0 SOSs, and 0 indicators.
Presolve time = 0,00 sec. (2,50 ticks)
Probing time = 0,00 sec. (2,09 ticks)
Clique table members: 2001.
MIP emphasis: balance optimality and feasibility.
MIP search method: dynamic search.
Parallel mode: deterministic, using up to 4 threads.
Root relaxation solution time = 0,00 sec. (3,44 ticks)

        Nodes                                         Cuts/
   Node  Left     Objective  IInf  Best Integer    Best Bound    ItCnt     Gap

*     0+    0                          975,0000        0,0000           100,00%
*     0+    0                          589,0000        0,0000           100,00%
*     0+    0                          453,0000        0,0000           100,00%
      0     0      269,3333    48      453,0000      269,3333      206   40,54%
      0     0      314,0625    93      453,0000      Cuts: 83      465   30,67%
      0     0      324,3333    46      453,0000      Cuts: 81      523   28,40%
*     0+    0                          451,0000      324,3333            28,09%
      0     0      325,9136    77      451,0000      Cuts: 36      594   27,74%
      0     0      327,5636    85      451,0000      Cuts: 39      693   27,37%
      0     0      329,4732   102      451,0000      Cuts: 35      832   26,95%
*     0+    0                          442,0000      329,4732            25,46%
      0     0      334,6019   109      442,0000  ZeroHalf: 17      966   24,30%
      0     0      337,9219   112      442,0000      Cuts: 28     1148   23,55%
      0     0      338,6125   110      442,0000      Cuts: 29     1285   23,39%
      0     0      339,0370   116      442,0000       Cuts: 5     1400   23,29%
      0     0      339,2405   129      442,0000   ZeroHalf: 9     1445   23,25%
      0     0      339,9075   119      442,0000       Cuts: 8     1530   23,10%
      0     0      340,1529   128      442,0000       Cuts: 7     1606   23,04%
      0     0      340,3603   113      442,0000   ZeroHalf: 4     1651   23,00%
      0     0      340,3633   120      442,0000       Cuts: 4     1663   22,99%
*     0+    0                          424,0000      340,3633            19,73%
      0     0      340,4383   138      424,0000       Cuts: 3     1709   19,71%
      0     2      340,4383   138      424,0000      340,4383     1709   19,71%
Elapsed time = 0,67 sec. (270,30 ticks, tree = 0,02 MB, solutions = 6)
    351   170        cutoff            424,0000      375,0333    21619   11,55%
    933   257        cutoff            424,0000      392,7216    40360    7,38%

Implied bound cuts applied:  79
Zero-half cuts applied:  27
Lift and project cuts applied:  1
Gomory fractional cuts applied:  1

Root node processing (before b&c):
  Real time             =    0,66 sec. (269,69 ticks)
Parallel b&c, 4 threads:
  Real time             =    1,29 sec. (684,92 ticks)
  Sync time (average)   =    0,16 sec.
  Wait time (average)   =    0,00 sec.
                          ------------
Total (root+branch&cut) =    1,95 sec. (954,61 ticks)

<<< solve


OBJECTIVE: 424

<<< post process


<<< done

